<?xml version="1.0" encoding="UTF-8"?>
<testsuite name="PassphraseCipherTest[jvm]" tests="5" skipped="0" failures="0" errors="0" timestamp="2026-08-31T22:04:34.019Z" hostname="CHEYSOFF" time="0.991">
  <properties/>
  <testcase name="salt and iv differ across wraps[jvm]" classname="my.cheysoff.core_crypto.PassphraseCipherTest" time="0.354"/>
  <testcase name="iterations recorded on the wrap[jvm]" classname="my.cheysoff.core_crypto.PassphraseCipherTest" time="0.1"/>
  <testcase name="tampered ciphertext returns null[jvm]" classname="my.cheysoff.core_crypto.PassphraseCipherTest" time="0.174"/>
  <testcase name="wrap then unwrap with the same PIN returns the original passphrase[jvm]" classname="my.cheysoff.core_crypto.PassphraseCipherTest" time="0.167"/>
  <testcase name="wrong PIN returns null[jvm]" classname="my.cheysoff.core_crypto.PassphraseCipherTest" time="0.196"/>
  <system-out><![CDATA[]]></system-out>
  <system-err><![CDATA[]]></system-err>
</testsuite>
