<?xml version="1.0" encoding="UTF-8"?>
<testsuite name="RecordEnvelopeTest[jvm]" tests="35" skipped="0" failures="0" errors="0" timestamp="2026-08-31T22:04:35.172Z" hostname="CHEYSOFF" time="0.133">
  <properties/>
  <testcase name="a flipped bit in the middle of the ciphertext fails to open[jvm]" classname="my.cheysoff.core_crypto.sync.RecordEnvelopeTest" time="0.005"/>
  <testcase name="seal then open returns the original payload[jvm]" classname="my.cheysoff.core_crypto.sync.RecordEnvelopeTest" time="0.001"/>
  <testcase name="an envelope sealed for one blindedId cannot be opened as one differing by a character[jvm]" classname="my.cheysoff.core_crypto.sync.RecordEnvelopeTest" time="0.002"/>
  <testcase name="a payload ending in zero bytes round-trips at full length[jvm]" classname="my.cheysoff.core_crypto.sync.RecordEnvelopeTest" time="0.001"/>
  <testcase name="the envelope starts with the version byte and carries a 12-byte nonce[jvm]" classname="my.cheysoff.core_crypto.sync.RecordEnvelopeTest" time="0.001"/>
  <testcase name="an envelope sealed for one blindedId cannot be opened as a prefix of it[jvm]" classname="my.cheysoff.core_crypto.sync.RecordEnvelopeTest" time="0.001"/>
  <testcase name="envelope length reveals only the bucket, not the payload size[jvm]" classname="my.cheysoff.core_crypto.sync.RecordEnvelopeTest" time="0.002"/>
  <testcase name="keys derived from a real ARK seal and open records end to end[jvm]" classname="my.cheysoff.core_crypto.sync.RecordEnvelopeTest" time="0.001"/>
  <testcase name="a different K_content cannot open the envelope[jvm]" classname="my.cheysoff.core_crypto.sync.RecordEnvelopeTest" time="0.002"/>
  <testcase name="an unknown version byte is rejected[jvm]" classname="my.cheysoff.core_crypto.sync.RecordEnvelopeTest" time="0.001"/>
  <testcase name="the per-record key is deterministic and 32 bytes[jvm]" classname="my.cheysoff.core_crypto.sync.RecordEnvelopeTest" time="0.001"/>
  <testcase name="every envelope of the same payload still opens to that payload[jvm]" classname="my.cheysoff.core_crypto.sync.RecordEnvelopeTest" time="0.018"/>
  <testcase name="an envelope sealed for one blindedId cannot be opened as another[jvm]" classname="my.cheysoff.core_crypto.sync.RecordEnvelopeTest" time="0.001"/>
  <testcase name="an empty payload round-trips[jvm]" classname="my.cheysoff.core_crypto.sync.RecordEnvelopeTest" time="0.0"/>
  <testcase name="associated data begins with the envelope version byte[jvm]" classname="my.cheysoff.core_crypto.sync.RecordEnvelopeTest" time="0.001"/>
  <testcase name="a flipped tag bit fails to open[jvm]" classname="my.cheysoff.core_crypto.sync.RecordEnvelopeTest" time="0.001"/>
  <testcase name="associated data is deterministic[jvm]" classname="my.cheysoff.core_crypto.sync.RecordEnvelopeTest" time="0.0"/>
  <testcase name="a flipped bit in the last tag byte fails to open[jvm]" classname="my.cheysoff.core_crypto.sync.RecordEnvelopeTest" time="0.0"/>
  <testcase name="associated data changes with the blindedId[jvm]" classname="my.cheysoff.core_crypto.sync.RecordEnvelopeTest" time="0.0"/>
  <testcase name="a flipped ciphertext bit fails to open[jvm]" classname="my.cheysoff.core_crypto.sync.RecordEnvelopeTest" time="0.0"/>
  <testcase name="the ciphertext does not contain the plaintext[jvm]" classname="my.cheysoff.core_crypto.sync.RecordEnvelopeTest" time="0.001"/>
  <testcase name="a field too long to length-prefix is rejected rather than silently truncated[jvm]" classname="my.cheysoff.core_crypto.sync.RecordEnvelopeTest" time="0.002"/>
  <testcase name="the per-record key really depends on the blindedId[jvm]" classname="my.cheysoff.core_crypto.sync.RecordEnvelopeTest" time="0.0"/>
  <testcase name="a flipped nonce bit fails to open[jvm]" classname="my.cheysoff.core_crypto.sync.RecordEnvelopeTest" time="0.001"/>
  <testcase name="a payload spanning several buckets round-trips[jvm]" classname="my.cheysoff.core_crypto.sync.RecordEnvelopeTest" time="0.001"/>
  <testcase name="associated data is exactly the version byte and the length-prefixed blindedId[jvm]" classname="my.cheysoff.core_crypto.sync.RecordEnvelopeTest" time="0.0"/>
  <testcase name="a note's envelope does not open under the folder blinded id for the same uuid[jvm]" classname="my.cheysoff.core_crypto.sync.RecordEnvelopeTest" time="0.001"/>
  <testcase name="a flipped bit in the last nonce byte fails to open[jvm]" classname="my.cheysoff.core_crypto.sync.RecordEnvelopeTest" time="0.001"/>
  <testcase name="a second device deriving from the same ARK opens the first device's envelope[jvm]" classname="my.cheysoff.core_crypto.sync.RecordEnvelopeTest" time="0.0"/>
  <testcase name="records under the same key use different per-record keys[jvm]" classname="my.cheysoff.core_crypto.sync.RecordEnvelopeTest" time="0.001"/>
  <testcase name="every byte position of the nonce varies across seals[jvm]" classname="my.cheysoff.core_crypto.sync.RecordEnvelopeTest" time="0.015"/>
  <testcase name="the per-record key depends on K_content[jvm]" classname="my.cheysoff.core_crypto.sync.RecordEnvelopeTest" time="0.001"/>
  <testcase name="nonces do not repeat across many seals of the same record[jvm]" classname="my.cheysoff.core_crypto.sync.RecordEnvelopeTest" time="0.048"/>
  <testcase name="a truncated envelope is rejected[jvm]" classname="my.cheysoff.core_crypto.sync.RecordEnvelopeTest" time="0.001"/>
  <testcase name="two seals of identical input produce different envelopes[jvm]" classname="my.cheysoff.core_crypto.sync.RecordEnvelopeTest" time="0.018"/>
  <system-out><![CDATA[]]></system-out>
  <system-err><![CDATA[]]></system-err>
</testsuite>
